{"uuid":"06257684-19e2-4b09-8558-084a984654f6","historyId":"9cb5067298eacc991b0b4adb7da5001d","fullName":"This is a demo feature file: Demo1","labels":[{"name":"tag","value":"test_1"},{"name":"host","value":"WRSAMBP03.local"},{"name":"thread","value":"7396@WRSAMBP03.local.main(1)"},{"name":"feature","value":"This is a demo feature file"},{"name":"story","value":"Demo1"},{"name":"suite","value":"This is a demo feature file"},{"name":"testClass","value":"Demo1"},{"name":"framework","value":"cucumber4jvm"},{"name":"language","value":"java"},{"name":"gherkin_uri","value":"file:///Users/jtailor/IdeaProjects/BDDFrameworkSetup/src/test/resources/Features/Demo.feature"},{"name":"package","value":"src.test.resources.Features.Demo_feature.This is a demo feature file"}],"links":[],"name":"Demo1","status":"failed","statusDetails":{"known":false,"muted":false,"flaky":false,"message":"Page titles are not same expected [Selenium] but found [selenium]","trace":"java.lang.AssertionError: Page titles are not same expected [Selenium] but found [selenium]\n\tat org.testng.Assert.fail(Assert.java:110)\n\tat org.testng.Assert.failNotEquals(Assert.java:1577)\n\tat org.testng.Assert.assertEqualsImpl(Assert.java:149)\n\tat org.testng.Assert.assertEquals(Assert.java:131)\n\tat org.testng.Assert.assertEquals(Assert.java:655)\n\tat StepDefinitions.DemoSteps.user_validate_page_title_is(DemoSteps.java:33)\n\tat ✽.User validate page title is \"selenium\"(file:///Users/jtailor/IdeaProjects/BDDFrameworkSetup/src/test/resources/Features/Demo.feature:11)\n"},"stage":"finished","description":"  This demo feature file is only opening a chrome browser instance.","steps":[{"name":"Given  User opens a URL \"https://www.google.co.za\"","status":"passed","statusDetails":{"known":false,"muted":false,"flaky":false},"stage":"finished","steps":[],"attachments":[],"parameters":[],"start":1684928549099,"stop":1684928550505},{"name":"When  User enter \"Selemium hq\" in search window","status":"passed","statusDetails":{"known":false,"muted":false,"flaky":false},"stage":"finished","steps":[],"attachments":[],"parameters":[],"start":1684928550506,"stop":1684928550676},{"name":"And  User click the search button","status":"passed","statusDetails":{"known":false,"muted":false,"flaky":false},"stage":"finished","steps":[],"attachments":[],"parameters":[],"start":1684928550677,"stop":1684928551605},{"name":"And  User click the selenium link","status":"passed","statusDetails":{"known":false,"muted":false,"flaky":false},"stage":"finished","steps":[],"attachments":[],"parameters":[],"start":1684928551606,"stop":1684928559139},{"name":"Then  User validate page title is \"selenium\"","status":"failed","statusDetails":{"known":false,"muted":false,"flaky":false,"message":"Page titles are not same expected [Selenium] but found [selenium]","trace":"java.lang.AssertionError: Page titles are not same expected [Selenium] but found [selenium]\n\tat org.testng.Assert.fail(Assert.java:110)\n\tat org.testng.Assert.failNotEquals(Assert.java:1577)\n\tat org.testng.Assert.assertEqualsImpl(Assert.java:149)\n\tat org.testng.Assert.assertEquals(Assert.java:131)\n\tat org.testng.Assert.assertEquals(Assert.java:655)\n\tat StepDefinitions.DemoSteps.user_validate_page_title_is(DemoSteps.java:33)\n\tat ✽.User validate page title is \"selenium\"(file:///Users/jtailor/IdeaProjects/BDDFrameworkSetup/src/test/resources/Features/Demo.feature:11)\n"},"stage":"finished","steps":[],"attachments":[],"parameters":[],"start":1684928559140,"stop":1684928559162}],"attachments":[],"parameters":[],"start":1684928545541,"stop":1684928559680}